16:42:36: Creating resource group General
16:42:36: Creating resource group Internal
16:42:36: Creating resource group Autodetect
16:42:36: SceneManagerFactory for type 'DefaultSceneManager' registered.
16:42:36: Registering ResourceManager for type Material
16:42:36: Registering ResourceManager for type Mesh
16:42:36: Registering ResourceManager for type Skeleton
16:42:36: MovableObjectFactory for type 'ParticleSystem' registered.
16:42:36: OverlayElementFactory for type Panel registered.
16:42:36: OverlayElementFactory for type BorderPanel registered.
16:42:36: OverlayElementFactory for type TextArea registered.
16:42:36: Registering ResourceManager for type Font
16:42:36: ArchiveFactory for archive type FileSystem registered.
16:42:36: ArchiveFactory for archive type Zip registered.
16:42:36: DDS codec registering
16:42:36: FreeImage version: 3.15.4
16:42:36: This program uses FreeImage, a free, open source image library supporting all common bitmap formats. See http://freeimage.sourceforge.net for details
16:42:36: Supported formats: bmp,ico,jpg,jif,jpeg,jpe,jng,koa,iff,lbm,mng,pbm,pbm,pcd,pcx,pgm,pgm,png,ppm,ppm,ras,tga,targa,tif,tiff,wap,wbmp,wbm,psd,cut,xbm,xpm,gif,hdr,g3,sgi,exr,j2k,j2c,jp2,pfm,pct,pict,pic,3fr,arw,bay,bmq,cap,cine,cr2,crw,cs1,dc2,dcr,drf,dsc,dng,erf,fff,ia,iiq,k25,kc2,kdc,mdc,mef,mos,mrw,nef,nrw,orf,pef,ptx,pxn,qtk,raf,raw,rdc,rw2,rwl,rwz,sr2,srf,srw,sti
16:42:36: Registering ResourceManager for type HighLevelGpuProgram
16:42:36: Registering ResourceManager for type Compositor
16:42:36: MovableObjectFactory for type 'Entity' registered.
16:42:36: MovableObjectFactory for type 'Light' registered.
16:42:36: MovableObjectFactory for type 'BillboardSet' registered.
16:42:36: MovableObjectFactory for type 'ManualObject' registered.
16:42:36: MovableObjectFactory for type 'BillboardChain' registered.
16:42:36: MovableObjectFactory for type 'RibbonTrail' registered.
16:42:36: Loading library /usr/lib/OGRE/RenderSystem_GL
16:42:36: Installing plugin: GL RenderSystem
16:42:36: OpenGL Rendering Subsystem created.
16:42:36: Plugin successfully installed
16:42:36: Loading library /usr/lib/OGRE/Plugin_ParticleFX
16:42:36: Installing plugin: ParticleFX
16:42:36: Particle Emitter Type 'Point' registered
16:42:36: Particle Emitter Type 'Box' registered
16:42:36: Particle Emitter Type 'Ellipsoid' registered
16:42:36: Particle Emitter Type 'Cylinder' registered
16:42:36: Particle Emitter Type 'Ring' registered
16:42:36: Particle Emitter Type 'HollowEllipsoid' registered
16:42:36: Particle Affector Type 'LinearForce' registered
16:42:36: Particle Affector Type 'ColourFader' registered
16:42:36: Particle Affector Type 'ColourFader2' registered
16:42:36: Particle Affector Type 'ColourImage' registered
16:42:36: Particle Affector Type 'ColourInterpolator' registered
16:42:36: Particle Affector Type 'Scaler' registered
16:42:36: Particle Affector Type 'Rotator' registered
16:42:36: Particle Affector Type 'DirectionRandomiser' registered
16:42:36: Particle Affector Type 'DeflectorPlane' registered
16:42:36: Plugin successfully installed
16:42:36: Loading library /usr/lib/OGRE/Plugin_BSPSceneManager
16:42:36: Installing plugin: BSP Scene Manager
16:42:36: Plugin successfully installed
16:42:36: Loading library /usr/lib/OGRE/Plugin_OctreeSceneManager
16:42:36: Installing plugin: Octree & Terrain Scene Manager
16:42:36: Plugin successfully installed
16:42:36: Loading library /usr/lib/OGRE/Plugin_CgProgramManager
16:42:36: Installing plugin: Cg Program Manager
16:42:36: Plugin successfully installed
16:42:36: *-*-* OGRE Initialising
16:42:36: *-*-* Version 1.7.2 (Cthugha)
16:42:36: Creating resource group Bootstrap
16:42:36: Added resource location 'media/packs/OgreCore.zip' of type 'Zip' to resource group 'Bootstrap'
16:42:36: Added resource location 'media' of type 'FileSystem' to resource group 'General'
16:42:36: Added resource location 'media/fonts' of type 'FileSystem' to resource group 'General'
16:42:36: Added resource location 'media/sounds' of type 'FileSystem' to resource group 'General'
16:42:36: Added resource location 'media/Audio' of type 'FileSystem' to resource group 'General'
16:42:36: Added resource location 'media/materials/programs' of type 'FileSystem' to resource group 'General'
16:42:36: Added resource location 'media/materials/scripts' of type 'FileSystem' to resource group 'General'
16:42:36: Added resource location 'media/materials/textures' of type 'FileSystem' to resource group 'General'
16:42:36: Added resource location 'media/models' of type 'FileSystem' to resource group 'General'
16:42:36: Added resource location 'media/overlays' of type 'FileSystem' to resource group 'General'
16:42:36: Added resource location 'media/particle' of type 'FileSystem' to resource group 'General'
16:42:36: Added resource location 'media/gui' of type 'FileSystem' to resource group 'General'
16:42:36: Added resource location 'media/packs/cubemap.zip' of type 'Zip' to resource group 'General'
16:42:36: Added resource location 'media/packs/cubemapsJS.zip' of type 'Zip' to resource group 'General'
16:42:36: Added resource location 'media/packs/dragon.zip' of type 'Zip' to resource group 'General'
16:42:36: Added resource location 'media/packs/fresneldemo.zip' of type 'Zip' to resource group 'General'
16:42:36: Added resource location 'media/packs/ogretestmap.zip' of type 'Zip' to resource group 'General'
16:42:36: Added resource location 'media/packs/skybox.zip' of type 'Zip' to resource group 'General'
16:42:36: CPU Identifier & Features
16:42:36: -------------------------
16:42:36:  *   CPU ID: GenuineIntel: Intel(R) Core(TM) i7-3770 CPU @ 3.40GHz
16:42:36:  *      SSE: yes
16:42:36:  *     SSE2: yes
16:42:36:  *     SSE3: yes
16:42:36:  *      MMX: yes
16:42:36:  *   MMXEXT: yes
16:42:36:  *    3DNOW: no
16:42:36:  * 3DNOWEXT: no
16:42:36:  *     CMOV: yes
16:42:36:  *      TSC: yes
16:42:36:  *      FPU: yes
16:42:36:  *      PRO: yes
16:42:36:  *       HT: no
16:42:36: -------------------------
16:42:36: ******************************
*** Starting GLX Subsystem ***
******************************
16:42:36: GLRenderSystem::_createRenderWindow "Tutorial Render Window", 1920x984 fullscreen  miscParams: FSAA=0 displayFrequency=60 MHz gamma=No vsync=No 
16:42:36: GLXWindow::create used FBConfigID = 163
16:42:36: GL_VERSION = 2.1 Mesa 10.1.3
16:42:36: GL_VENDOR = VMware, Inc.
16:42:36: GL_RENDERER = Gallium 0.4 on SVGA3D; build: RELEASE;  
16:42:36: GL_EXTENSIONS = GL_ARB_multisample GL_EXT_abgr GL_EXT_bgra GL_EXT_blend_color GL_EXT_blend_minmax GL_EXT_blend_subtract GL_EXT_copy_texture GL_EXT_polygon_offset GL_EXT_subtexture GL_EXT_texture_object GL_EXT_vertex_array GL_EXT_compiled_vertex_array GL_EXT_texture GL_EXT_texture3D GL_IBM_rasterpos_clip GL_ARB_point_parameters GL_EXT_draw_range_elements GL_EXT_packed_pixels GL_EXT_point_parameters GL_EXT_rescale_normal GL_EXT_separate_specular_color GL_EXT_texture_edge_clamp GL_SGIS_generate_mipmap GL_SGIS_texture_border_clamp GL_SGIS_texture_edge_clamp GL_SGIS_texture_lod GL_ARB_framebuffer_sRGB GL_ARB_multitexture GL_EXT_framebuffer_sRGB GL_IBM_multimode_draw_arrays GL_IBM_texture_mirrored_repeat GL_ARB_texture_cube_map GL_ARB_texture_env_add GL_ARB_transpose_matrix GL_EXT_blend_func_separate GL_EXT_fog_coord GL_EXT_multi_draw_arrays GL_EXT_secondary_color GL_EXT_texture_env_add GL_EXT_texture_filter_anisotropic GL_EXT_texture_lod_bias GL_INGR_blend_func_separate GL_NV_blend_square GL_NV_light_max_exponent GL_NV_texgen_reflection GL_NV_texture_env_combine4 GL_S3_s3tc GL_SUN_multi_draw_arrays GL_ARB_texture_border_clamp GL_ARB_texture_compression GL_EXT_framebuffer_object GL_EXT_texture_compression_s3tc GL_EXT_texture_env_combine GL_EXT_texture_env_dot3 GL_MESA_window_pos GL_NV_packed_depth_stencil GL_NV_texture_rectangle GL_ARB_depth_texture GL_ARB_occlusion_query GL_ARB_shadow GL_ARB_texture_env_combine GL_ARB_texture_env_crossbar GL_ARB_texture_env_dot3 GL_ARB_texture_mirrored_repeat GL_ARB_window_pos GL_EXT_stencil_two_side GL_EXT_texture_cube_map GL_NV_fog_distance GL_APPLE_packed_pixels GL_APPLE_vertex_array_object GL_ARB_draw_buffers GL_ARB_fragment_program GL_ARB_fragment_shader GL_ARB_shader_objects GL_ARB_vertex_program GL_ARB_vertex_shader GL_ATI_draw_buffers GL_ATI_texture_env_combine3 GL_ATI_texture_float GL_EXT_shadow_funcs GL_EXT_stencil_wrap GL_MESA_pack_invert GL_NV_primitive_restart GL_ARB_fragment_program_shadow GL_ARB_half_float_pixel GL_ARB_occlusion_query2 GL_ARB_point_sprite GL_ARB_shading_language_100 GL_ARB_sync GL_ARB_texture_non_power_of_two GL_ARB_vertex_buffer_object GL_ATI_blend_equation_separate GL_EXT_blend_equation_separate GL_OES_read_format GL_ARB_color_buffer_float GL_ARB_pixel_buffer_object GL_ARB_texture_float GL_ARB_texture_rectangle GL_EXT_pixel_buffer_object GL_EXT_texture_compression_dxt1 GL_EXT_texture_rectangle GL_EXT_texture_sRGB GL_ARB_framebuffer_object GL_EXT_framebuffer_blit GL_EXT_packed_depth_stencil GL_ARB_vertex_array_object GL_ATI_separate_stencil GL_EXT_gpu_program_parameters GL_EXT_texture_sRGB_decode GL_OES_EGL_image GL_ARB_copy_buffer GL_ARB_half_float_vertex GL_ARB_map_buffer_range GL_ARB_texture_swizzle GL_ARB_vertex_array_bgra GL_EXT_texture_swizzle GL_EXT_vertex_array_bgra GL_ARB_ES2_compatibility GL_ARB_debug_output GL_ARB_draw_elements_base_vertex GL_ARB_explicit_attrib_location GL_ARB_fragment_coord_conventions GL_ARB_provoking_vertex GL_ARB_sampler_objects GL_ARB_shader_texture_lod GL_EXT_provoking_vertex GL_ARB_get_program_binary GL_ARB_robustness GL_NV_vdpau_interop GL_ANGLE_texture_compression_dxt3 GL_ANGLE_texture_compression_dxt5 GL_ARB_internalformat_query GL_ARB_map_buffer_alignment GL_ARB_texture_storage GL_AMD_shader_trinary_minmax GL_ARB_clear_buffer_object GL_ARB_invalidate_subdata GL_ARB_vertex_attrib_binding GL_KHR_debug 
16:42:36: Supported GLX extensions: GLX_ARB_create_context GLX_ARB_create_context_profile GLX_ARB_fbconfig_float GLX_ARB_framebuffer_sRGB GLX_ARB_get_proc_address GLX_ARB_multisample GLX_EXT_import_context GLX_EXT_visual_info GLX_EXT_visual_rating GLX_EXT_framebuffer_sRGB GLX_EXT_create_context_es2_profile GLX_MESA_copy_sub_buffer GLX_MESA_multithread_makecurrent GLX_MESA_swap_control GLX_OML_swap_method GLX_SGI_make_current_read GLX_SGI_video_sync GLX_SGIS_multisample GLX_SGIX_fbconfig GLX_SGIX_pbuffer GLX_SGIX_visual_select_group GLX_EXT_texture_from_pixmap 
16:42:36: ***************************
16:42:36: *** GL Renderer Started ***
16:42:36: ***************************
16:42:36: Registering ResourceManager for type GpuProgram
16:42:36: GLSL support detected
16:42:36: GL: Using GL_EXT_framebuffer_object for rendering to textures (best)
16:42:36: FBO PF_UNKNOWN depth/stencil support: D0S1 D0S4 D0S8 D0S16 D16S0 D24S0 D32S0 Packed-D24S8 
16:42:36: FBO PF_L8 depth/stencil support: D0S0 D0S1 D0S4 D0S8 D0S16 D16S0 D24S0 D32S0 Packed-D24S8 
16:42:36: FBO PF_L16 depth/stencil support: D0S0 D0S1 D0S4 D0S8 D0S16 D16S0 D24S0 D32S0 Packed-D24S8 
16:42:36: FBO PF_A8 depth/stencil support: D0S0 D0S1 D0S4 D0S8 D0S16 D16S0 D24S0 D32S0 Packed-D24S8 
16:42:36: FBO PF_A4L4 depth/stencil support: D0S0 D0S1 D0S4 D0S8 D0S16 D16S0 D24S0 D32S0 Packed-D24S8 
16:42:36: FBO PF_BYTE_LA depth/stencil support: D0S0 D0S1 D0S4 D0S8 D0S16 D16S0 D24S0 D32S0 Packed-D24S8 
16:42:36: FBO PF_R8G8B8 depth/stencil support: D0S0 D0S1 D0S4 D0S8 D0S16 D16S0 D24S0 D32S0 Packed-D24S8 
16:42:36: FBO PF_B8G8R8 depth/stencil support: D0S0 D0S1 D0S4 D0S8 D0S16 D16S0 D24S0 D32S0 Packed-D24S8 
16:42:36: FBO PF_A8R8G8B8 depth/stencil support: D0S0 D0S1 D0S4 D0S8 D0S16 D16S0 D24S0 D32S0 Packed-D24S8 
16:42:36: FBO PF_B8G8R8A8 depth/stencil support: D0S0 D0S1 D0S4 D0S8 D0S16 D16S0 D24S0 D32S0 Packed-D24S8 
16:42:36: FBO PF_A2R10G10B10 depth/stencil support: D0S0 D0S1 D0S4 D0S8 D0S16 D16S0 D24S0 D32S0 Packed-D24S8 
16:42:36: FBO PF_A2B10G10R10 depth/stencil support: D0S0 D0S1 D0S4 D0S8 D0S16 D16S0 D24S0 D32S0 Packed-D24S8 
16:42:36: FBO PF_FLOAT16_RGB depth/stencil support: D0S0 D0S1 D0S4 D0S8 D0S16 D16S0 D24S0 D32S0 Packed-D24S8 
16:42:36: FBO PF_FLOAT16_RGBA depth/stencil support: D0S0 D0S1 D0S4 D0S8 D0S16 D16S0 D24S0 D32S0 Packed-D24S8 
16:42:36: FBO PF_FLOAT32_RGB depth/stencil support: D0S0 D0S1 D0S4 D0S8 D0S16 D16S0 D24S0 D32S0 Packed-D24S8 
16:42:36: FBO PF_FLOAT32_RGBA depth/stencil support: D0S0 D0S1 D0S4 D0S8 D0S16 D16S0 D24S0 D32S0 Packed-D24S8 
16:42:36: FBO PF_X8R8G8B8 depth/stencil support: D0S0 D0S1 D0S4 D0S8 D0S16 D16S0 D24S0 D32S0 Packed-D24S8 
16:42:36: FBO PF_X8B8G8R8 depth/stencil support: D0S0 D0S1 D0S4 D0S8 D0S16 D16S0 D24S0 D32S0 Packed-D24S8 
16:42:36: FBO PF_SHORT_RGBA depth/stencil support: D0S0 D0S1 D0S4 D0S8 D0S16 D16S0 D24S0 D32S0 Packed-D24S8 
16:42:36: FBO PF_R3G3B2 depth/stencil support: D0S0 D0S1 D0S4 D0S8 D0S16 D16S0 D24S0 D32S0 Packed-D24S8 
16:42:36: FBO PF_FLOAT16_R depth/stencil support: D0S0 D0S1 D0S4 D0S8 D0S16 D16S0 D24S0 D32S0 Packed-D24S8 
16:42:36: FBO PF_FLOAT32_R depth/stencil support: D0S0 D0S1 D0S4 D0S8 D0S16 D16S0 D24S0 D32S0 Packed-D24S8 
16:42:36: FBO PF_SHORT_GR depth/stencil support: D0S0 D0S1 D0S4 D0S8 D0S16 D16S0 D24S0 D32S0 Packed-D24S8 
16:42:36: FBO PF_FLOAT16_GR depth/stencil support: D0S0 D0S1 D0S4 D0S8 D0S16 D16S0 D24S0 D32S0 Packed-D24S8 
16:42:36: FBO PF_FLOAT32_GR depth/stencil support: D0S0 D0S1 D0S4 D0S8 D0S16 D16S0 D24S0 D32S0 Packed-D24S8 
16:42:36: FBO PF_SHORT_RGB depth/stencil support: D0S0 D0S1 D0S4 D0S8 D0S16 D16S0 D24S0 D32S0 Packed-D24S8 
16:42:36: [GL] : Valid FBO targets PF_UNKNOWN PF_L8 PF_L16 PF_A8 PF_A4L4 PF_BYTE_LA PF_R8G8B8 PF_B8G8R8 PF_A8R8G8B8 PF_B8G8R8A8 PF_A2R10G10B10 PF_A2B10G10R10 PF_FLOAT16_RGB PF_FLOAT16_RGBA PF_FLOAT32_RGB PF_FLOAT32_RGBA PF_X8R8G8B8 PF_X8B8G8R8 PF_SHORT_RGBA PF_R3G3B2 PF_FLOAT16_R PF_FLOAT32_R PF_SHORT_GR PF_FLOAT16_GR PF_FLOAT32_GR PF_SHORT_RGB 
16:42:36: RenderSystem capabilities
16:42:36: -------------------------
16:42:36: RenderSystem Name: OpenGL Rendering Subsystem
16:42:36: GPU Vendor: unknown
16:42:36: Device Name: Gallium 0.4 on SVGA3D; build: RELEASE;  
16:42:36: Driver Version: 2.1.0.0
16:42:36:  * Fixed function pipeline: yes
16:42:36:  * Hardware generation of mipmaps: yes
16:42:36:  * Texture blending: yes
16:42:36:  * Anisotropic texture filtering: yes
16:42:36:  * Dot product texture operation: yes
16:42:36:  * Cube mapping: yes
16:42:36:  * Hardware stencil buffer: yes
16:42:36:    - Stencil depth: 8
16:42:36:    - Two sided stencil support: yes
16:42:36:    - Wrap stencil values: yes
16:42:36:  * Hardware vertex / index buffers: yes
16:42:36:  * Vertex programs: yes
16:42:36:  * Number of floating-point constants for vertex programs: 256
16:42:36:  * Number of integer constants for vertex programs: 0
16:42:36:  * Number of boolean constants for vertex programs: 0
16:42:36:  * Fragment programs: yes
16:42:36:  * Number of floating-point constants for fragment programs: 224
16:42:36:  * Number of integer constants for fragment programs: 0
16:42:36:  * Number of boolean constants for fragment programs: 0
16:42:36:  * Geometry programs: no
16:42:36:  * Number of floating-point constants for geometry programs: 0
16:42:36:  * Number of integer constants for geometry programs: 0
16:42:36:  * Number of boolean constants for geometry programs: 0
16:42:36:  * Supported Shader Profiles: arbfp1 arbvp1 glsl
16:42:36:  * Texture Compression: yes
16:42:36:    - DXT: yes
16:42:36:    - VTC: no
16:42:36:    - PVRTC: no
16:42:36:  * Scissor Rectangle: yes
16:42:36:  * Hardware Occlusion Query: yes
16:42:36:  * User clip planes: yes
16:42:36:  * VET_UBYTE4 vertex element type: yes
16:42:36:  * Infinite far plane projection: yes
16:42:36:  * Hardware render-to-texture: yes
16:42:36:  * Floating point textures: yes
16:42:36:  * Non-power-of-two textures: yes
16:42:36:  * Volume textures: yes
16:42:36:  * Multiple Render Targets: 4
16:42:36:    - With different bit depths: yes
16:42:36:  * Point Sprites: yes
16:42:36:  * Extended point parameters: yes
16:42:36:  * Max Point Size: 80
16:42:36:  * Vertex texture fetch: no
16:42:36:  * Number of world matrices: 0
16:42:36:  * Number of texture units: 16
16:42:36:  * Stencil buffer depth: 8
16:42:36:  * Number of vertex blend matrices: 0
16:42:36:  * Render to Vertex Buffer : no
16:42:36:  * GL 1.5 without VBO workaround: no
16:42:36:  * Frame Buffer objects: yes
16:42:36:  * Frame Buffer objects (ARB extension): no
16:42:36:  * Frame Buffer objects (ATI extension): no
16:42:36:  * PBuffer support: yes
16:42:36:  * GL 1.5 without HW-occlusion workaround: no
16:42:36: Registering ResourceManager for type Texture
16:42:36: DefaultWorkQueue('Root') initialising on thread 7f9706349740.
16:42:36: DefaultWorkQueue('Root')::WorkerFunc - thread 7f96e1882700 starting.
16:42:36: DefaultWorkQueue('Root')::WorkerFunc - thread 7f96e3693700 starting.
16:42:36: Particle Renderer Type 'billboard' registered
16:42:36: SceneManagerFactory for type 'BspSceneManager' registered.
16:42:36: Registering ResourceManager for type BspLevel
16:42:36: SceneManagerFactory for type 'OctreeSceneManager' registered.
16:42:36: SceneManagerFactory for type 'TerrainSceneManager' registered.
16:42:36: Parsing scripts for resource group Autodetect
16:42:36: Finished parsing scripts for resource group Autodetect
16:42:36: Parsing scripts for resource group Bootstrap
16:42:36: Parsing script OgreCore.material
16:42:36: Parsing script OgreProfiler.material
16:42:36: Parsing script Ogre.fontdef
16:42:36: Parsing script OgreDebugPanel.overlay
16:42:36: Texture: New_Ogre_Border_Center.png: Loading 1 faces(PF_A8R8G8B8,256x128x1) with 5 hardware generated mipmaps from Image. Internal format is PF_A8R8G8B8,256x128x1.
16:42:36: Texture: New_Ogre_Border.png: Loading 1 faces(PF_A8R8G8B8,256x256x1) with 5 hardware generated mipmaps from Image. Internal format is PF_A8R8G8B8,256x256x1.
16:42:36: Texture: New_Ogre_Border_Break.png: Loading 1 faces(PF_A8R8G8B8,32x32x1) with 5 hardware generated mipmaps from Image. Internal format is PF_A8R8G8B8,32x32x1.
16:42:36: Texture: ogretext.png: Loading 1 faces(PF_A8R8G8B8,256x128x1) with 5 hardware generated mipmaps from Image. Internal format is PF_A8R8G8B8,256x128x1.
16:42:36: Parsing script OgreLoadingPanel.overlay
16:42:36: Finished parsing scripts for resource group Bootstrap
16:42:36: Parsing scripts for resource group General
16:42:36: Parsing script StdQuad_vp.program
16:42:36: Parsing script Examples.program
16:42:36: GLSL compiled : Ogre/BasicVertexPrograms/AmbientOneTextureGLSL
16:42:36: GLSL compiled : Ogre/HardwareSkinningTwoWeightsGLSL
16:42:36: Parsing script Examples-Advanced.material
16:42:36: Compiler error: object unsupported by render system in Examples-Advanced.material(381)
16:42:36: Parsing script CGSwizzle.material
16:42:36: Parsing script Halftone.material
16:42:36: Parsing script IsoSurf.material
16:42:36: Parsing script shipInfo.material
16:42:36: Parsing script OffsetMapping.material
16:42:36: Compiler error: object unsupported by render system in OffsetMapping.material(18)
16:42:36: GLSL compiled : Examples/OffsetMappingIntegratedShadowsFPglsl
16:42:36: GLSL compiled : Examples/OffsetMappingIntegratedShadowsVPglsl
16:42:36: Parsing script Material.001.material
16:42:36: Parsing script RadialBlur.material
16:42:36: Parsing script missile.material
16:42:36: Compiler error: unknown error in missile.material(7): token "59.4555039496997," is not recognized
16:42:36: Parsing script Tiling.material
16:42:36: Parsing script SharpenEdges.material
16:42:36: Parsing script wake.material
16:42:36: Parsing script Example-Water.material
16:42:36: Parsing script Laplace.material
16:42:36: Parsing script FinalProject.material
16:42:36: Parsing script flag.material
16:42:36: Parsing script DOF.material
16:42:36: Parsing script Invert.material
16:42:36: Parsing script smoke.material
16:42:36: Parsing script pssm.material
16:42:36: Parsing script ParticleGS.material
16:42:36: Parsing script Example-DynTex.material
16:42:36: Parsing script Embossed.material
16:42:36: Parsing script ASCII.material
16:42:36: Parsing script alienship.material
16:42:36: Compiler error: unknown error in alienship.material(90): token "1.0," is not recognized
16:42:36: Parsing script Example.material
16:42:36: Compiler error: unknown error in Example.material(21): token "color_op_ex" is not recognized
16:42:36: OGRE EXCEPTION(2:InvalidParametersException): Parameter called camObjPos does not exist.  in GpuProgramParameters::_findNamedConstantDefinition at /home/anderen2/build/ogre/OgreMain/src/OgreGpuProgramParams.cpp (line 1433)
16:42:36: Compiler error: invalid parameters in Example.material(1122): setting of constant failed
16:42:36: GLSL compiled : Ogre/HardwareSkinningTwoWeightsShadowCasterGLSL
16:42:36: Parsing script HeatVision.material
16:42:36: Parsing script Ocean.material
16:42:36: GLSL compiled : GLSL/OceanVS
16:42:36: GLSL compiled : GLSL/OceanFS
16:42:36: GLSL compiled : GLSL/Ocean2VS
16:42:36: GLSL compiled : GLSL/Ocean2FS
16:42:36: Parsing script MotionBlur.material
16:42:36: Parsing script rmenu.material
16:42:36: Parsing script cursor.material
16:42:36: Parsing script hdr.material
16:42:36: GLSL compiled : Ogre/Compositor/HDR/downscale2x2LuminenceGLSL_fp
16:42:36: GLSL compiled : Ogre/Compositor/StdQuad_GLSL_vp
16:42:36: GLSL compiled : Ogre/Compositor/HDR/downscale3x3GLSL_fp
16:42:36: GLSL compiled : Ogre/Compositor/HDR/utils_fp
16:42:36: GLSL compiled : Ogre/Compositor/HDR/downscale3x3brightpassGLSL_fp
16:42:36: GLSL compiled : Ogre/Compositor/HDR/bloomGLSL_fp
16:42:36: GLSL compiled : Ogre/Compositor/HDR/utils_fp
16:42:36: GLSL compiled : Ogre/Compositor/HDR/finaltonemappingGLSL_fp
16:42:36: Parsing script cigarette.material
16:42:36: Parsing script DepthShadowmap.material
16:42:36: GLSL compiled : Ogre/DepthShadowmap/CasterVP_GLSL
16:42:36: GLSL compiled : Ogre/DepthShadowmap/CasterFP_GLSL
16:42:36: GLSL compiled : Ogre/DepthShadowmap/ReceiverVP_GLSL
16:42:36: GLSL compiled : Ogre/DepthShadowmap/ReceiverFP_GLSL
16:42:36: GLSL compiled : Ogre/DepthShadowmap/ReceiverFPPCF_GLSL
16:42:36: GLSL compiled : Ogre/DepthShadowmap/NormalMapReceiverVP_GLSL
16:42:36: GLSL compiled : Ogre/DepthShadowmap/NormalMapReceiverFP_GLSL
16:42:36: GLSL compiled : Ogre/DepthShadowmap/NormalMapReceiverFPPCF_GLSL
16:42:36: Parsing script NightVision.material
16:42:36: Parsing script MRTtest.material
16:42:36: GLSL compiled : Ogre/MRTtest/scenefp/GLSL
16:42:36: GLSL compiled : Ogre/MRTtest/quadfp/GLSL
16:42:36: Parsing script Glass.material
16:42:36: Parsing script f1Overlay.material
16:42:36: Parsing script instancing.material
16:42:36: GLSL compiled : InstancingGLSL
16:42:36: GLSL compiled : InstancingShadowCasterGLSL
16:42:36: GLSL compiled : CrowdGLSL
16:42:36: GLSL compiled : CrowdShadowCasterGLSL
16:42:36: Parsing script sleek.material
16:42:36: Parsing script ui.material
16:42:36: Parsing script Posterize.material
16:42:36: Parsing script Scene.material
16:42:36: Parsing script OgreOcean.material
16:42:36: GLSL compiled : GLSL/OceanVS
16:42:36: GLSL compiled : GLSL/OceanFS
16:42:36: Parsing script OldMovie.material
16:42:36: Parsing script body.material
16:42:36: Parsing script ASMSwizzle.material
16:42:36: Compiler error: object unsupported by render system in ASMSwizzle.material(1)
16:42:36: Parsing script GLSLSwizzle.material
16:42:36: GLSL compiled : Ogre/GPTest/Passthrough_VP_GLSL
16:42:36: Parsing script ddg51.material
16:42:36: Parsing script button.material
16:42:36: Parsing script OldTV.material
16:42:36: Parsing script Material.002.material
16:42:36: Parsing script Material.material
16:42:36: Parsing script Dither.material
16:42:36: Parsing script post.material
16:42:36: Parsing script sailboat.material
16:42:36: Compiler error: unknown error in sailboat.material(87): token "60.0," is not recognized
16:42:36: Parsing script cvn68.material
16:42:36: Parsing script RZR-002.material
16:42:36: Parsing script Hurt.material
16:42:36: Parsing script BlackAndWhite.material
16:42:36: Parsing script boat.material
16:42:36: Parsing script Bloom.material
16:42:36: GLSL compiled : Blur_ps_glsl
16:42:36: GLSL compiled : Blur0_vs_glsl
16:42:36: GLSL compiled : Blur1_vs_glsl
16:42:36: Parsing script Ogre.material
16:42:36: Parsing script Bloom2.material
16:42:36: GLSL compiled : Bloom2_ps20_glsl
16:42:36: Parsing script VarianceShadowmap.material
16:42:36: Parsing script facial.material
16:42:36: Parsing script PythonOgreDebugPanel.material
16:42:36: Parsing script RomanBath.material
16:42:36: Parsing script emitted_emitter.particle
16:42:36: Parsing script Example.particle
16:42:36: Parsing script Example-Water.particle
16:42:36: Parsing script smoke.particle
16:42:36: Parsing script Examples.compositor
16:42:36: Parsing script sample.fontdef
16:42:36: Parsing script Compositor.overlay
16:42:36: Parsing script DP3.overlay
16:42:36: Parsing script Example-DynTex.overlay
16:42:36: Parsing script Shadows.overlay
16:42:36: Parsing script PythonOgreDebugPanel.overlay
16:42:36: Texture: popanel.png: Loading 1 faces(PF_A8R8G8B8,638x90x1) with 5 hardware generated mipmaps from Image. Internal format is PF_A8R8G8B8,638x90x1.
16:42:36: Parsing script Example-CubeMapping.overlay
16:42:36: Parsing script Example-Water.overlay
16:42:36: Finished parsing scripts for resource group General
16:42:36: Parsing scripts for resource group Internal
16:42:36: Finished parsing scripts for resource group Internal
16:42:36: Texture: spacebox.jpg: Loading 6 faces(PF_R8G8B8,512x512x1) with 5 hardware generated mipmaps from multiple Images. Internal format is PF_X8R8G8B8,512x512x1.
16:42:37: Texture: splash.jpg: Loading 1 faces(PF_R8G8B8,1280x720x1) with 5 hardware generated mipmaps from Image. Internal format is PF_X8R8G8B8,1280x720x1.
16:42:37: Texture: instructions.jpg: Loading 1 faces(PF_R8G8B8,1280x720x1) with 5 hardware generated mipmaps from Image. Internal format is PF_X8R8G8B8,1280x720x1.
16:42:37: Mesh: Loading pCylinder1__Mt_Gold.mesh.
16:42:37: Texture: gold_alb.png: Loading 1 faces(PF_A8R8G8B8,256x256x1) with 5 hardware generated mipmaps from Image. Internal format is PF_A8R8G8B8,256x256x1.
16:42:37: Texture: body_alb.png: Loading 1 faces(PF_A8R8G8B8,32x32x1) with 5 hardware generated mipmaps from Image. Internal format is PF_A8R8G8B8,32x32x1.
16:42:37: Texture: flag_alb.png: Loading 1 faces(PF_A8R8G8B8,128x128x1) with 5 hardware generated mipmaps from Image. Internal format is PF_A8R8G8B8,128x128x1.
16:42:37: Mesh: Loading Player.mesh.
16:42:37: Texture: Spacesuit_Helmet_D.tga: Loading 1 faces(PF_R8G8B8,512x512x1) with 5 hardware generated mipmaps from Image. Internal format is PF_X8R8G8B8,512x512x1.
16:42:37: Texture: Spacesuit_Glove_D.tga: Loading 1 faces(PF_R8G8B8,512x512x1) with 5 hardware generated mipmaps from Image. Internal format is PF_X8R8G8B8,512x512x1.
16:42:37: Texture: Spacesuit_Body_D.tga: Loading 1 faces(PF_R8G8B8,1024x1024x1) with 5 hardware generated mipmaps from Image. Internal format is PF_X8R8G8B8,1024x1024x1.
16:42:37: Mesh: Loading cube.mesh.
16:42:37: Mesh: Loading Platform.mesh.
16:42:37: Texture: BumpyMetal.jpg: Loading 1 faces(PF_R8G8B8,512x512x1) with 5 hardware generated mipmaps from Image. Internal format is PF_X8R8G8B8,512x512x1.
16:42:37: Mesh: Loading sentryTurret1.mesh.
16:42:37: Texture: imc_sentry_gun_tripod_d.tga: Loading 1 faces(PF_R8G8B8,512x512x1) with 5 hardware generated mipmaps from Image. Internal format is PF_X8R8G8B8,512x512x1.
16:42:37: Texture: imc_sentry_gun_d.tga: Loading 1 faces(PF_R8G8B8,1024x1024x1) with 5 hardware generated mipmaps from Image. Internal format is PF_X8R8G8B8,1024x1024x1.
16:42:37: Texture: nm_up.png: Loading 1 faces(PF_R8G8B8,128x128x1) with 5 hardware generated mipmaps from Image. Internal format is PF_X8R8G8B8,128x128x1.
16:42:38: Texture: uipanel.png: Loading 1 faces(PF_A8R8G8B8,200x50x1) with 5 hardware generated mipmaps from Image. Internal format is PF_A8R8G8B8,200x50x1.
16:42:38: Texture: filledstar.png: Loading 1 faces(PF_A8R8G8B8,100x100x1) with 5 hardware generated mipmaps from Image. Internal format is PF_A8R8G8B8,100x100x1.
16:42:38: Texture: emptystar.png: Loading 1 faces(PF_A8R8G8B8,100x100x1) with 5 hardware generated mipmaps from Image. Internal format is PF_A8R8G8B8,100x100x1.
16:42:38: Texture: credits.jpg: Loading 1 faces(PF_R8G8B8,1920x1080x1) with 5 hardware generated mipmaps from Image. Internal format is PF_X8R8G8B8,1920x1080x1.
16:42:38: Font BlueHighwayusing texture size 512x512
16:42:38: Info: Freetype returned null for character 127 in font BlueHighway
16:42:38: Info: Freetype returned null for character 128 in font BlueHighway
16:42:38: Info: Freetype returned null for character 129 in font BlueHighway
16:42:38: Info: Freetype returned null for character 130 in font BlueHighway
16:42:38: Info: Freetype returned null for character 131 in font BlueHighway
16:42:38: Info: Freetype returned null for character 132 in font BlueHighway
16:42:38: Info: Freetype returned null for character 133 in font BlueHighway
16:42:38: Info: Freetype returned null for character 134 in font BlueHighway
16:42:38: Info: Freetype returned null for character 135 in font BlueHighway
16:42:38: Info: Freetype returned null for character 136 in font BlueHighway
16:42:38: Info: Freetype returned null for character 137 in font BlueHighway
16:42:38: Info: Freetype returned null for character 138 in font BlueHighway
16:42:38: Info: Freetype returned null for character 139 in font BlueHighway
16:42:38: Info: Freetype returned null for character 140 in font BlueHighway
16:42:38: Info: Freetype returned null for character 141 in font BlueHighway
16:42:38: Info: Freetype returned null for character 142 in font BlueHighway
16:42:38: Info: Freetype returned null for character 143 in font BlueHighway
16:42:38: Info: Freetype returned null for character 144 in font BlueHighway
16:42:38: Info: Freetype returned null for character 145 in font BlueHighway
16:42:38: Info: Freetype returned null for character 146 in font BlueHighway
16:42:38: Info: Freetype returned null for character 147 in font BlueHighway
16:42:38: Info: Freetype returned null for character 148 in font BlueHighway
16:42:38: Info: Freetype returned null for character 149 in font BlueHighway
16:42:38: Info: Freetype returned null for character 150 in font BlueHighway
16:42:38: Info: Freetype returned null for character 151 in font BlueHighway
16:42:38: Info: Freetype returned null for character 152 in font BlueHighway
16:42:38: Info: Freetype returned null for character 153 in font BlueHighway
16:42:38: Info: Freetype returned null for character 154 in font BlueHighway
16:42:38: Info: Freetype returned null for character 155 in font BlueHighway
16:42:38: Info: Freetype returned null for character 156 in font BlueHighway
16:42:38: Info: Freetype returned null for character 157 in font BlueHighway
16:42:38: Info: Freetype returned null for character 158 in font BlueHighway
16:42:38: Info: Freetype returned null for character 159 in font BlueHighway
16:42:38: Info: Freetype returned null for character 160 in font BlueHighway
16:42:38: Texture: BlueHighwayTexture: Loading 1 faces(PF_BYTE_LA,512x512x1) with  hardware generated mipmaps from Image. Internal format is PF_BYTE_LA,512x512x1.
